# stats: dump at 1636940275
stats: users 0 1
stats: {freemem,"tsung_controller@ip-172-31-59-131"} 1 677.02734375 0 677.02734375 677.02734375 0 0
stats: {load,"tsung_controller@ip-172-31-59-131"} 1 0.0 0 0.0 0.0 0 0
stats: {cpu,"tsung_controller@ip-172-31-59-131"} 1 0.2987804207214229 0 0.2987804207214229 0.2987804207214229 0 0
stats: session 5 16.4514 4.072874100681237 23.111 11.15 0 0
stats: users_count 5 5
stats: finish_users_count 5 5
stats: request 5 13.858799999999999 3.937433854682514 21.174 9.232 0 0
stats: connect 5 2.3266 1.702285710449336 5.531 1.137 0 0
stats: page 5 13.858799999999999 3.937433854682514 21.174 9.232 0 0
stats: 200 5 5
stats: size_rcv 9120 9120
stats: newphase 1 1
stats: size_sent 470 470
stats: connected 0 0
# stats: dump at 1636940285
stats: users 0 2
stats: {freemem,"tsung_controller@ip-172-31-59-131"} 1 678.46484375 0.0 678.46484375 677.02734375 677.02734375 1
stats: {load,"tsung_controller@ip-172-31-59-131"} 1 0.0 0.0 0.0 0.0 0.0 1
stats: {cpu,"tsung_controller@ip-172-31-59-131"} 1 0.2 0.0 0.2987804207214229 0.2 0.2987804207214229 1
stats: session 33 16.625969696969694 7.145490243311759 38.894 10.409 16.4514 5
stats: users_count 33 38
stats: finish_users_count 33 38
stats: request 29 15.311344827586208 7.379166373232993 36.992 8.428 13.858799999999999 5
stats: connect 29 1.3424137931034483 0.6980111409663877 5.531 0.897 2.3266 5
stats: page 29 15.311344827586208 7.379166373232993 36.992 8.428 13.858799999999999 5
stats: 200 29 34
stats: size_rcv 52896 62016
stats: newphase 2 3
stats: size_sent 2726 3196
stats: connected 0 0
# stats: dump at 1636940295
stats: users 4 4
stats: {freemem,"tsung_controller@ip-172-31-59-131"} 1 678.51953125 0.0 678.51953125 677.02734375 677.74609375 2
stats: {load,"tsung_controller@ip-172-31-59-131"} 1 0.0 0.0 0.0 0.0 0.0 2
stats: {cpu,"tsung_controller@ip-172-31-59-131"} 1 0.3001500750375188 0.0 0.3001500750375188 0.2 0.24939021036071146 2
stats: session 152 15.872072368421058 7.908627333739611 64.964 9.548 16.602999999999998 38
stats: users_count 156 194
stats: finish_users_count 152 190
stats: request 148 13.203141891891894 7.3866299972553895 63.071 7.658 15.097735294117646 34
stats: connect 148 1.255871621621622 0.76519612642601 5.671 0.802 1.4871470588235294 34
stats: page 148 13.203141891891894 7.3866299972553895 63.071 7.658 15.097735294117646 34
stats: 200 148 182
stats: size_rcv 269952 331968
stats: newphase 2 5
stats: size_sent 13912 17108
stats: connected 0 0
# stats: dump at 1636940305
stats: users 4 23
stats: {freemem,"tsung_controller@ip-172-31-59-131"} 1 678.0625 0.0 678.51953125 677.02734375 678.00390625 3
stats: {load,"tsung_controller@ip-172-31-59-131"} 1 0.0 0.0 0.0 0.0 0.0 3
stats: {cpu,"tsung_controller@ip-172-31-59-131"} 1 0.7537688442211055 0.0 0.7537688442211055 0.2 0.26631016525298057 3
stats: session 595 23.790193277310916 33.277863193480265 261.775 8.959 16.018257894736845 190
stats: users_count 595 789
stats: finish_users_count 595 785
stats: request 537 23.137150837988823 34.80157840688258 259.749 7.105 13.557076923076925 182
stats: connect 539 1.1888181818181809 0.9669740229216238 8.927 0.651 1.2990769230769235 182
stats: page 537 23.137150837988823 34.80157840688258 259.749 7.105 13.557076923076925 182
stats: 200 537 719
stats: size_rcv 979488 1311456
stats: newphase 2 7
stats: size_sent 50666 67774
stats: connected 2 2
# stats: dump at 1636940315
stats: users 198 211
stats: {freemem,"tsung_controller@ip-172-31-59-131"} 1 676.21875 0.0 678.51953125 676.21875 678.0185546875 4
stats: {load,"tsung_controller@ip-172-31-59-131"} 1 0.0 0.0 0.0 0.0 0.0 4
stats: {cpu,"tsung_controller@ip-172-31-59-131"} 1 1.9776876267748478 0.0 1.9776876267748478 0.2 0.3881748349950118 4
stats: session 2146 73.32150372786573 135.8472657016935 611.677 2.818 21.909087898089165 785
stats: users_count 2340 3129
stats: finish_users_count 2146 2931
stats: connect 2218 0.9482723174030638 0.492168177213834 8.927 0.609 1.2166504854368925 721
stats: request 2023 47.15253534354915 89.1961368965109 443.504 1.401 20.712152990264254 719
stats: 200 1996 2715
stats: size_rcv 3649182 4960638
stats: newphase 2 9
stats: 502 27 27
stats: size_sent 208492 276266
stats: connected 195 197
stats: page 2023 47.15253534354915 89.1961368965109 443.504 1.401 20.712152990264254 719
# stats: dump at 1636940325
stats: users 0 211
stats: {freemem,"tsung_controller@ip-172-31-59-131"} 1 665.55078125 0.0 678.51953125 665.55078125 677.65859375 5
stats: {load,"tsung_controller@ip-172-31-59-131"} 1 0.0 0.0 0.0 0.0 0.0 5
stats: {cpu,"tsung_controller@ip-172-31-59-131"} 1 10.701298701298702 0.0 10.701298701298702 0.2 0.706077393350979 5
stats: session 1983 411.9167372667673 328.525821034813 890.046 2.542 59.55188706925959 2931
stats: users_count 1785 4914
stats: finish_users_count 1983 4914
stats: connect 1975 1.0486597468354455 0.7089823140926291 11.029 0.609 1.0141112623341255 2939
stats: page 2172 401.205081952117 323.7057628323717 888.021 1.34 40.21940809628006 2742
stats: 200 1320 4035
stats: size_rcv 2675208 7635846
stats: newphase 0 9
stats: 502 852 879
stats: size_sent 185650 461916
stats: connected -197 0
stats: request 2172 401.205081952117 323.7057628323717 888.021 1.34 40.21940809628006 2742
EndMonitor:{1636,940325,9267}
