# stats: dump at 1636929464
stats: users 0 2
stats: {freemem,"tsung_controller@ip-172-31-59-131"} 1 702.64453125 0 702.64453125 702.64453125 0 0
stats: {load,"tsung_controller@ip-172-31-59-131"} 1 0.0 0 0.0 0.0 0 0
stats: {cpu,"tsung_controller@ip-172-31-59-131"} 1 1.0566419620799476 0 1.0566419620799476 1.0566419620799476 0 0
stats: session 12 103.91916666666667 84.09198238519666 371.393 56.95 0 0
stats: users_count 12 12
stats: finish_users_count 12 12
stats: request 36 33.84774999999999 36.4562475109053 199.715 7.484 0 0
stats: connect 12 44.588 22.793876644835997 117.084 30.009 0 0
stats: page 12 101.78025000000001 83.36178898944547 366.753 55.091 0 0
stats: 200 36 36
stats: size_rcv 868195 868195
stats: newphase 1 1
stats: size_sent 2148 2148
stats: connected 0 0
# stats: dump at 1636929474
stats: users 0 2
stats: {freemem,"tsung_controller@ip-172-31-59-131"} 1 701.6796875 0.0 702.64453125 701.6796875 702.64453125 1
stats: {load,"tsung_controller@ip-172-31-59-131"} 1 0.0 0.0 0.0 0.0 0.0 1
stats: {cpu,"tsung_controller@ip-172-31-59-131"} 1 1.0983524712930606 0.0 1.0983524712930606 1.0566419620799476 1.0566419620799476 1
stats: session 42 73.53226190476191 14.428697887097096 371.393 50.592 103.91916666666667 12
stats: users_count 42 54
stats: finish_users_count 42 54
stats: request 122 23.970065573770498 18.146777079942947 199.715 7.101 33.84774999999999 36
stats: connect 41 36.27282926829269 10.090416240060662 117.084 24.996 44.588 12
stats: page 40 71.58487499999998 14.724164703281977 366.753 48.594 101.78025000000001 12
stats: 200 123 159
stats: size_rcv 2927594 3795789
stats: newphase 2 3
stats: size_sent 7339 9487
stats: connected 1 1
# stats: dump at 1636929484
stats: users 3 6
stats: {freemem,"tsung_controller@ip-172-31-59-131"} 1 700.89453125 0.0 702.64453125 700.89453125 702.162109375 2
stats: {load,"tsung_controller@ip-172-31-59-131"} 1 0.0 0.0 0.0 0.0 0.0 2
stats: {cpu,"tsung_controller@ip-172-31-59-131"} 1 1.655795283492223 0.0 1.655795283492223 1.0566419620799476 1.077497216686504 2
stats: session 158 73.43626582278475 27.89155277013703 371.393 49.858 80.28490740740742 54
stats: users_count 161 215
stats: finish_users_count 158 212
stats: connect 150 35.91448 17.667766720865806 199.707 24.75 38.155509433962266 53
stats: page 151 70.78439735099339 25.85204814975937 366.753 47.893 78.55303846153846 52
stats: request 451 23.523235033259418 21.301012590625852 235.794 6.881 26.220677215189873 158
stats: 200 450 609
stats: size_rcv 10891641 14687430
stats: newphase 2 5
stats: size_sent 26850 36337
stats: connected -1 0
# stats: dump at 1636929494
stats: users 6 26
stats: {freemem,"tsung_controller@ip-172-31-59-131"} 1 700.37890625 0.0 702.64453125 700.37890625 701.7395833333334 3
stats: {load,"tsung_controller@ip-172-31-59-131"} 1 0.0 0.0 0.0 0.0 0.0 3
stats: {cpu,"tsung_controller@ip-172-31-59-131"} 1 8.207452165156093 0.0 8.207452165156093 1.0566419620799476 1.270263238955077 3
stats: session 613 78.04775856443712 30.076076757278948 524.543 49.681 75.18073113207542 212
stats: users_count 616 831
stats: finish_users_count 613 825
stats: request 1704 24.64135622065733 20.250003500242755 256.069 6.881 24.223064039408865 609
stats: connect 576 36.93078819444444 16.776320747402327 275.077 24.322 36.4995763546798 203
stats: page 563 73.3236642984014 23.325138124684656 367.43 47.756 72.77439408866995 203
stats: 200 1704 2313
stats: size_rcv 41003056 55690486
stats: newphase 2 7
stats: size_sent 102419 138756
stats: connected 13 13
# stats: dump at 1636929504
stats: users 39 44
stats: {freemem,"tsung_controller@ip-172-31-59-131"} 1 696.1640625 0.0 702.64453125 696.1640625 701.3994140625 4
stats: {load,"tsung_controller@ip-172-31-59-131"} 1 0.3203125 0.0 0.3203125 0.0 0.0 4
stats: {cpu,"tsung_controller@ip-172-31-59-131"} 1 38.21178821178821 0.0 38.21178821178821 1.0566419620799476 3.0045604705053313 4
stats: session 1600 127.97306624999997 53.07974418513491 803.314 49.681 77.31101939393932 825
stats: users_count 1633 2464
stats: finish_users_count 1600 2425
stats: page 1592 121.03057223618076 52.47311811843682 796.235 47.756 73.17810052219319 766
stats: request 4803 40.131573599833516 32.11508273515953 594.106 6.881 24.531222222222258 2313
stats: connect 1606 50.9144109589042 26.268987808439235 560.347 24.322 36.81841848523748 779
stats: 200 4819 7132
stats: size_rcv 115645016 171335502
stats: newphase 2 9
stats: size_sent 287412 426168
stats: connected 14 27
# stats: dump at 1636929512
stats: users 0 51
stats: {freemem,"tsung_controller@ip-172-31-59-131"} 1 686.24609375 0.0 702.64453125 686.24609375 700.35234375 5
stats: {load,"tsung_controller@ip-172-31-59-131"} 1 0.578125 0.0 0.578125 0.0 0.0640625 5
stats: {cpu,"tsung_controller@ip-172-31-59-131"} 1 89.92015968063872 0.0 89.92015968063872 1.0566419620799476 10.046006018761906 5
stats: session 538 179.38370074349442 41.36685693658548 803.314 49.681 110.73752453608245 2425
stats: users_count 499 2963
stats: finish_users_count 538 2963
stats: request 1773 56.65610659898478 33.34398125743782 594.106 6.881 35.060801714446384 7116
stats: connect 578 63.98508996539785 17.37117422635231 560.347 24.322 46.31031111111117 2385
stats: page 605 174.1839305785124 39.62074662137061 796.235 47.756 105.48562171331626 2358
stats: 200 1757 8889
stats: size_rcv 43050692 214386194
stats: newphase 0 9
stats: size_sent 104209 530377
stats: connected -27 0
EndMonitor:{1636,929512,589191}
